<?xml version="1.0" encoding="UTF-8"?>
<!-- Generated by org.testng.reporters.JUnitReportReporter -->
<testsuite hostname="Mypc" failures="0" tests="1" name="test.PostandGetExample" time="7.084" errors="0" timestamp="01 Jan 2022 17:04:06 GMT" skipped="0">
  <testcase classname="test.PostandGetExample" name="test_POST" time="7.084"/>
</testsuite> <!-- test.PostandGetExample -->
