<?xml version="1.0" encoding="UTF-8"?>
<!-- Generated by org.testng.reporters.JUnitReportReporter -->
<testsuite hostname="Mypc" failures="0" tests="3" name="test.SOAPXmlRequest" time="5.895" errors="0" timestamp="02 Jan 2022 11:21:36 GMT" skipped="0">
  <testcase classname="test.SOAPXmlRequest" name="validateSOAPXml" time="0.824"/>
  <testcase classname="test.SOAPXmlRequest" name="validateSOAPXml" time="4.341"/>
  <testcase classname="test.SOAPXmlRequest" name="validateSOAPXml" time="0.730"/>
</testsuite> <!-- test.SOAPXmlRequest -->
