<?xml version="1.0" encoding="UTF-8"?>
<!-- Generated by org.testng.reporters.JUnitReportReporter -->
<testsuite hostname="Mypc" failures="0" tests="3" name="test.PutPatchDeleteExamples" time="5.050" errors="0" timestamp="02 Jan 2022 07:59:32 GMT" skipped="0">
  <testcase classname="test.PutPatchDeleteExamples" name="test_PUT" time="0.777"/>
  <testcase classname="test.PutPatchDeleteExamples" name="test_DELETE" time="3.419"/>
  <testcase classname="test.PutPatchDeleteExamples" name="test_PATCH" time="0.854"/>
</testsuite> <!-- test.PutPatchDeleteExamples -->
